<?xml version="1.0" encoding="UTF-8"?>
<!-- Generated by org.testng.reporters.JUnitReportReporter -->
<testsuite hostname="LAPTOP-GHJLQMFV" failures="0" tests="1" name="com.crm.comcast.SDET24.SampleTest" time="0.016" errors="0" timestamp="2021-11-10T16:40:52 IST" skipped="0">
  <testcase classname="com.crm.comcast.SDET24.SampleTest" name="Sample" time="0.016"/>
  <system-out/>
</testsuite> <!-- com.crm.comcast.SDET24.SampleTest -->
